[GIN-debug] [WARNING] Running in "debug" mode. Switch to "release" mode in production.
 - using env:	export GIN_MODE=release
 - using code:	gin.SetMode(gin.ReleaseMode)

[GIN-debug] GET    /css/*filepath            --> github.com/gin-gonic/gin.(*RouterGroup).createStaticHandler.func1 (1 handlers)
[GIN-debug] HEAD   /css/*filepath            --> github.com/gin-gonic/gin.(*RouterGroup).createStaticHandler.func1 (1 handlers)
[GIN-debug] Loaded HTML Templates (4): 
	- 
	- footer.html
	- header.html
	- index.html

[GIN-debug] POST   /login                    --> main.main.func1 (3 handlers)
[GIN-debug] GET    /api/videos               --> main.main.func2 (4 handlers)
[GIN-debug] POST   /api/videos               --> main.main.func3 (4 handlers)
[GIN-debug] GET    /view/videos              --> github.com/egnptr/controller.VideoController.ShowAll-fm (3 handlers)
[GIN-debug] [WARNING] You trusted all proxies, this is NOT safe. We recommend you to set a value.
Please check https://pkg.go.dev/github.com/gin-gonic/gin#readme-don-t-trust-all-proxies for details.
[GIN-debug] Listening and serving HTTP on :8080
[GIN] 2021/12/16 - 23:12:55 | 404 |         190ns |       127.0.0.1 | GET      "/login"
[GIN] 2021/12/16 - 23:13:15 | 200 |     526.406µs |       127.0.0.1 | POST     "/login"
[GIN] 2021/12/16 - 23:13:52 | 200 |     256.466µs |       127.0.0.1 | POST     "/api/videos"
[GIN] 2021/12/16 - 23:13:57 | 200 |     165.412µs |       127.0.0.1 | GET      "/api/videos"
[GIN] 2021/12/16 - 23:14:23 | 200 |    1.915976ms |             ::1 | GET      "/view/videos"
[GIN] 2021/12/16 - 23:14:24 | 404 |         226ns |             ::1 | GET      "/favicon.ico"
[GIN] 2021/12/16 - 23:14:28 | 200 |     824.333µs |             ::1 | GET      "/view/videos"
[GIN] 2021/12/16 - 23:15:23 | 200 |    2.831758ms |             ::1 | GET      "/view/videos"
[GIN] 2021/12/16 - 23:15:23 | 200 |     582.771µs |             ::1 | GET      "/view/videos"
[GIN] 2021/12/16 - 23:15:47 | 200 |    2.890166ms |             ::1 | GET      "/view/videos"
[GIN] 2021/12/16 - 23:15:51 | 404 |         422ns |             ::1 | GET      "/favicon.ico"
